TN:
SF:/Users/sergeichip/user/projects/glace/glace-utils/index.js
FN:28,(anonymous_0)
FN:44,(anonymous_1)
FN:59,(anonymous_2)
FN:68,(anonymous_3)
FN:94,(anonymous_4)
FN:97,(anonymous_5)
FN:102,(anonymous_6)
FN:115,(anonymous_7)
FN:128,(anonymous_8)
FN:138,(anonymous_9)
FN:144,(anonymous_10)
FN:148,(anonymous_11)
FN:153,(anonymous_12)
FN:154,(anonymous_13)
FN:168,(anonymous_14)
FN:174,(anonymous_15)
FN:178,(anonymous_16)
FN:182,(anonymous_17)
FN:183,(anonymous_18)
FN:198,(anonymous_19)
FN:206,(anonymous_20)
FN:212,(anonymous_21)
FN:226,(anonymous_22)
FN:232,(anonymous_23)
FN:246,(anonymous_24)
FN:246,(anonymous_25)
FN:267,(anonymous_26)
FN:268,(anonymous_27)
FN:269,(anonymous_28)
FN:269,(anonymous_29)
FN:281,(anonymous_30)
FN:285,(anonymous_31)
FN:287,(anonymous_32)
FN:310,(anonymous_33)
FN:351,(anonymous_34)
FN:376,(anonymous_35)
FN:408,(anonymous_36)
FN:432,(anonymous_37)
FN:461,(anonymous_38)
FN:477,(anonymous_39)
FN:479,(anonymous_40)
FN:514,(anonymous_41)
FN:515,(anonymous_42)
FN:516,(anonymous_43)
FN:522,(anonymous_44)
FN:536,(anonymous_45)
FN:556,(anonymous_46)
FN:585,(anonymous_47)
FN:586,(anonymous_48)
FN:619,(anonymous_49)
FN:629,(anonymous_50)
FN:630,(anonymous_51)
FN:631,(anonymous_52)
FN:645,(anonymous_53)
FN:649,(anonymous_54)
FN:667,(anonymous_55)
FN:703,(anonymous_56)
FN:733,(anonymous_57)
FN:734,(anonymous_58)
FN:752,(anonymous_59)
FN:752,(anonymous_60)
FNF:61
FNH:18
FNDA:0,(anonymous_0)
FNDA:50,(anonymous_1)
FNDA:0,(anonymous_2)
FNDA:0,(anonymous_3)
FNDA:40,(anonymous_4)
FNDA:0,(anonymous_5)
FNDA:40,(anonymous_6)
FNDA:0,(anonymous_7)
FNDA:0,(anonymous_8)
FNDA:0,(anonymous_9)
FNDA:0,(anonymous_10)
FNDA:0,(anonymous_11)
FNDA:0,(anonymous_12)
FNDA:0,(anonymous_13)
FNDA:0,(anonymous_14)
FNDA:0,(anonymous_15)
FNDA:0,(anonymous_16)
FNDA:0,(anonymous_17)
FNDA:0,(anonymous_18)
FNDA:0,(anonymous_19)
FNDA:0,(anonymous_20)
FNDA:0,(anonymous_21)
FNDA:0,(anonymous_22)
FNDA:0,(anonymous_23)
FNDA:0,(anonymous_24)
FNDA:0,(anonymous_25)
FNDA:0,(anonymous_26)
FNDA:0,(anonymous_27)
FNDA:0,(anonymous_28)
FNDA:0,(anonymous_29)
FNDA:1,(anonymous_30)
FNDA:1,(anonymous_31)
FNDA:1,(anonymous_32)
FNDA:0,(anonymous_33)
FNDA:13,(anonymous_34)
FNDA:3,(anonymous_35)
FNDA:12,(anonymous_36)
FNDA:4,(anonymous_37)
FNDA:4,(anonymous_38)
FNDA:0,(anonymous_39)
FNDA:0,(anonymous_40)
FNDA:0,(anonymous_41)
FNDA:0,(anonymous_42)
FNDA:0,(anonymous_43)
FNDA:0,(anonymous_44)
FNDA:0,(anonymous_45)
FNDA:0,(anonymous_46)
FNDA:0,(anonymous_47)
FNDA:0,(anonymous_48)
FNDA:0,(anonymous_49)
FNDA:0,(anonymous_50)
FNDA:0,(anonymous_51)
FNDA:0,(anonymous_52)
FNDA:2,(anonymous_53)
FNDA:0,(anonymous_54)
FNDA:4,(anonymous_55)
FNDA:2,(anonymous_56)
FNDA:6,(anonymous_57)
FNDA:6,(anonymous_58)
FNDA:3,(anonymous_59)
FNDA:8,(anonymous_60)
DA:7,2
DA:8,2
DA:9,2
DA:10,2
DA:11,2
DA:13,2
DA:14,2
DA:15,2
DA:16,2
DA:17,2
DA:18,2
DA:19,2
DA:20,2
DA:28,2
DA:29,0
DA:31,2
DA:36,2
DA:44,2
DA:45,50
DA:46,88
DA:47,50
DA:48,0
DA:50,2
DA:59,2
DA:60,0
DA:68,2
DA:69,0
DA:71,0
DA:72,0
DA:73,0
DA:74,0
DA:77,0
DA:78,0
DA:80,0
DA:81,0
DA:94,2
DA:95,40
DA:96,40
DA:97,0
DA:98,0
DA:99,0
DA:102,40
DA:103,40
DA:115,2
DA:116,0
DA:117,0
DA:118,0
DA:119,0
DA:128,2
DA:138,2
DA:139,0
DA:140,0
DA:142,0
DA:145,0
DA:146,0
DA:149,0
DA:150,0
DA:153,0
DA:154,0
DA:156,0
DA:157,0
DA:168,2
DA:169,0
DA:170,0
DA:172,0
DA:175,0
DA:176,0
DA:179,0
DA:182,0
DA:183,0
DA:185,0
DA:186,0
DA:198,2
DA:199,0
DA:200,0
DA:202,0
DA:204,0
DA:207,0
DA:208,0
DA:211,0
DA:212,0
DA:215,0
DA:226,2
DA:227,0
DA:228,0
DA:229,0
DA:231,0
DA:232,0
DA:233,0
DA:234,0
DA:235,0
DA:236,0
DA:246,2
DA:247,0
DA:248,0
DA:253,2
DA:255,2
DA:256,2
DA:257,2
DA:267,2
DA:268,0
DA:269,0
DA:271,0
DA:281,2
DA:282,1
DA:283,1
DA:285,1
DA:287,1
DA:289,1
DA:290,1
DA:292,1
DA:293,1
DA:294,1
DA:297,0
DA:298,0
DA:310,2
DA:311,0
DA:312,0
DA:351,2
DA:352,13
DA:353,13
DA:355,13
DA:356,3
DA:361,10
DA:376,2
DA:378,3
DA:379,1
DA:385,2
DA:387,2
DA:388,2
DA:390,2
DA:391,1
DA:394,2
DA:395,1
DA:398,2
DA:408,2
DA:409,12
DA:432,2
DA:433,4
DA:434,4
DA:435,4
DA:436,4
DA:438,4
DA:439,28
DA:440,27
DA:441,25
DA:444,1
DA:461,2
DA:463,4
DA:464,4
DA:465,4
DA:466,4
DA:468,4
DA:469,17
DA:470,16
DA:471,15
DA:474,2
DA:477,2
DA:478,0
DA:479,0
DA:481,0
DA:483,0
DA:485,0
DA:486,0
DA:489,0
DA:491,0
DA:492,0
DA:493,0
DA:495,0
DA:497,0
DA:498,0
DA:500,0
DA:504,0
DA:505,0
DA:506,0
DA:507,0
DA:509,0
DA:514,0
DA:515,0
DA:516,0
DA:518,0
DA:521,0
DA:522,0
DA:524,0
DA:536,2
DA:538,0
DA:541,0
DA:543,0
DA:547,0
DA:549,0
DA:555,0
DA:556,0
DA:558,0
DA:559,0
DA:560,0
DA:561,0
DA:565,0
DA:567,0
DA:568,0
DA:569,0
DA:570,0
DA:573,0
DA:574,0
DA:576,0
DA:577,0
DA:581,0
DA:582,0
DA:584,0
DA:585,0
DA:586,0
DA:587,0
DA:589,0
DA:590,0
DA:591,0
DA:594,0
DA:595,0
DA:596,0
DA:597,0
DA:600,0
DA:601,0
DA:602,0
DA:603,0
DA:608,0
DA:609,0
DA:610,0
DA:612,0
DA:613,0
DA:617,0
DA:620,0
DA:621,0
DA:622,0
DA:623,0
DA:625,0
DA:627,0
DA:629,0
DA:630,0
DA:631,0
DA:636,0
DA:637,0
DA:645,2
DA:646,2
DA:647,0
DA:649,0
DA:650,0
DA:651,0
DA:655,0
DA:667,2
DA:668,4
DA:669,3
DA:671,2
DA:672,2
DA:674,2
DA:675,4
DA:677,1
DA:703,2
DA:704,2
DA:705,2
DA:706,4
DA:707,4
DA:708,6
DA:709,12
DA:710,12
DA:711,6
DA:712,12
DA:715,4
DA:717,2
DA:733,2
DA:734,6
DA:735,6
DA:736,6
DA:737,6
DA:738,6
DA:739,6
DA:740,6
DA:752,8
DA:754,2
DA:755,2
DA:757,2
LF:278
LH:126
BRDA:46,0,0,50
BRDA:46,0,1,38
BRDA:73,1,0,0
BRDA:73,1,1,0
BRDA:77,2,0,0
BRDA:77,2,1,0
BRDA:80,3,0,0
BRDA:80,3,1,0
BRDA:96,4,0,0
BRDA:96,4,1,40
BRDA:139,5,0,0
BRDA:139,5,1,0
BRDA:140,6,0,0
BRDA:140,6,1,0
BRDA:156,7,0,0
BRDA:156,7,1,0
BRDA:169,8,0,0
BRDA:169,8,1,0
BRDA:170,9,0,0
BRDA:170,9,1,0
BRDA:180,10,0,0
BRDA:180,10,1,0
BRDA:185,11,0,0
BRDA:185,11,1,0
BRDA:199,12,0,0
BRDA:199,12,1,0
BRDA:200,13,0,0
BRDA:200,13,1,0
BRDA:202,14,0,0
BRDA:202,14,1,0
BRDA:211,15,0,0
BRDA:211,15,1,0
BRDA:227,16,0,0
BRDA:227,16,1,0
BRDA:228,17,0,0
BRDA:228,17,1,0
BRDA:229,18,0,0
BRDA:229,18,1,0
BRDA:234,19,0,0
BRDA:234,19,1,0
BRDA:289,20,0,0
BRDA:289,20,1,1
BRDA:297,21,0,0
BRDA:297,21,1,0
BRDA:311,22,0,0
BRDA:311,22,1,0
BRDA:355,23,0,3
BRDA:355,23,1,10
BRDA:356,24,0,3
BRDA:356,24,1,2
BRDA:356,24,2,2
BRDA:356,24,3,2
BRDA:361,25,0,10
BRDA:361,25,1,7
BRDA:361,25,2,6
BRDA:361,25,3,5
BRDA:378,26,0,1
BRDA:378,26,1,2
BRDA:387,27,0,1
BRDA:387,27,1,1
BRDA:388,28,0,1
BRDA:388,28,1,1
BRDA:390,29,0,1
BRDA:390,29,1,1
BRDA:394,30,0,1
BRDA:394,30,1,1
BRDA:440,31,0,2
BRDA:440,31,1,25
BRDA:470,32,0,1
BRDA:470,32,1,15
BRDA:481,33,0,0
BRDA:481,33,1,0
BRDA:489,34,0,0
BRDA:489,34,1,0
BRDA:495,35,0,0
BRDA:495,35,1,0
BRDA:521,36,0,0
BRDA:521,36,1,0
BRDA:541,37,0,0
BRDA:541,37,1,0
BRDA:558,38,0,0
BRDA:558,38,1,0
BRDA:560,39,0,0
BRDA:560,39,1,0
BRDA:567,40,0,0
BRDA:567,40,1,0
BRDA:569,41,0,0
BRDA:569,41,1,0
BRDA:576,42,0,0
BRDA:576,42,1,0
BRDA:589,43,0,0
BRDA:589,43,1,0
BRDA:594,44,0,0
BRDA:594,44,1,0
BRDA:600,45,0,0
BRDA:600,45,1,0
BRDA:621,46,0,0
BRDA:621,46,1,0
BRDA:622,47,0,0
BRDA:622,47,1,0
BRDA:646,48,0,2
BRDA:646,48,1,0
BRDA:668,49,0,1
BRDA:668,49,1,3
BRDA:669,50,0,1
BRDA:669,50,1,2
BRDA:675,51,0,1
BRDA:675,51,1,3
BRDA:710,52,0,6
BRDA:710,52,1,6
BRDA:733,53,0,1
BRDA:736,54,0,2
BRDA:736,54,1,4
BRDA:737,55,0,2
BRDA:737,55,1,4
BRDA:739,56,0,2
BRDA:739,56,1,4
BRDA:740,57,0,2
BRDA:740,57,1,4
BRF:119
BRH:46
end_of_record
TN:
SF:/Users/sergeichip/user/projects/glace/glace-utils/lib/config.js
FN:37,(anonymous_0)
FNF:1
FNH:0
FNDA:0,(anonymous_0)
DA:9,1
DA:10,1
DA:12,1
DA:13,1
DA:15,1
DA:18,1
DA:19,1
DA:24,0
DA:26,0
DA:27,0
DA:29,0
DA:30,0
DA:32,0
DA:33,0
DA:34,0
DA:37,0
DA:38,0
DA:41,1
LF:18
LH:8
BRDA:18,0,0,1
BRDA:18,0,1,0
BRDA:27,1,0,0
BRDA:27,1,1,0
BRDA:27,1,2,0
BRDA:29,2,0,0
BRDA:29,2,1,0
BRDA:37,3,0,0
BRDA:37,3,1,0
BRF:9
BRH:1
end_of_record
TN:
SF:/Users/sergeichip/user/projects/glace/glace-utils/lib/download.js
FN:31,(anonymous_0)
FN:35,(anonymous_1)
FN:40,(anonymous_2)
FN:50,(anonymous_3)
FN:53,(anonymous_4)
FN:59,(anonymous_5)
FN:63,(anonymous_6)
FN:70,(anonymous_7)
FN:74,(anonymous_8)
FN:74,(anonymous_9)
FN:75,(anonymous_10)
FN:80,(anonymous_11)
FN:96,(anonymous_12)
FN:128,(anonymous_13)
FN:129,(anonymous_14)
FNF:15
FNH:0
FNDA:0,(anonymous_0)
FNDA:0,(anonymous_1)
FNDA:0,(anonymous_2)
FNDA:0,(anonymous_3)
FNDA:0,(anonymous_4)
FNDA:0,(anonymous_5)
FNDA:0,(anonymous_6)
FNDA:0,(anonymous_7)
FNDA:0,(anonymous_8)
FNDA:0,(anonymous_9)
FNDA:0,(anonymous_10)
FNDA:0,(anonymous_11)
FNDA:0,(anonymous_12)
FNDA:0,(anonymous_13)
FNDA:0,(anonymous_14)
DA:19,1
DA:20,1
DA:21,1
DA:22,1
DA:23,1
DA:24,1
DA:26,1
DA:28,1
DA:29,1
DA:31,1
DA:33,0
DA:35,0
DA:37,0
DA:38,0
DA:40,0
DA:42,0
DA:43,0
DA:44,0
DA:45,0
DA:48,0
DA:50,0
DA:51,0
DA:52,0
DA:54,0
DA:55,0
DA:59,0
DA:60,0
DA:61,0
DA:62,0
DA:64,0
DA:65,0
DA:70,1
DA:71,0
DA:74,1
DA:75,0
DA:77,0
DA:78,0
DA:82,0
DA:83,0
DA:85,0
DA:86,0
DA:88,0
DA:89,0
DA:90,0
DA:91,0
DA:96,1
DA:97,0
DA:98,0
DA:99,0
DA:101,0
DA:102,0
DA:105,0
DA:106,0
DA:109,0
DA:110,0
DA:111,0
DA:112,0
DA:114,0
DA:115,0
DA:117,0
DA:118,0
DA:119,0
DA:120,0
DA:121,0
DA:123,0
DA:125,0
DA:128,0
DA:129,0
DA:130,0
DA:131,0
DA:132,0
DA:136,0
DA:137,0
DA:138,0
DA:139,0
DA:142,0
DA:148,1
LF:77
LH:14
BRDA:38,0,0,0
BRDA:38,0,1,0
BRDA:42,1,0,0
BRDA:42,1,1,0
BRDA:83,2,0,0
BRDA:83,2,1,0
BRDA:85,3,0,0
BRDA:85,3,1,0
BRDA:88,4,0,0
BRDA:88,4,1,0
BRDA:97,5,0,0
BRDA:97,5,1,0
BRDA:101,6,0,0
BRDA:101,6,1,0
BRDA:101,7,0,0
BRDA:101,7,1,0
BRDA:105,8,0,0
BRDA:105,8,1,0
BRDA:105,9,0,0
BRDA:105,9,1,0
BRDA:109,10,0,0
BRDA:109,10,1,0
BRDA:110,11,0,0
BRDA:110,11,1,0
BRDA:111,12,0,0
BRDA:111,12,1,0
BRDA:112,13,0,0
BRDA:112,13,1,0
BRDA:120,14,0,0
BRDA:120,14,1,0
BRDA:130,15,0,0
BRDA:130,15,1,0
BRDA:138,16,0,0
BRDA:138,16,1,0
BRF:34
BRH:0
end_of_record
TN:
SF:/Users/sergeichip/user/projects/glace/glace-utils/lib/loadJson.js
FN:22,(anonymous_0)
FN:26,(anonymous_1)
FNF:2
FNH:2
FNDA:7,(anonymous_0)
FNDA:14,(anonymous_1)
DA:16,1
DA:17,1
DA:19,1
DA:20,1
DA:22,1
DA:23,7
DA:24,7
DA:26,7
DA:27,14
DA:28,14
DA:30,14
DA:31,2
DA:34,12
DA:36,12
DA:37,12
DA:40,2
DA:43,10
DA:44,7
DA:45,2
DA:48,5
DA:49,5
DA:52,7
LF:22
LH:22
BRDA:27,0,0,0
BRDA:27,0,1,14
BRDA:30,1,0,2
BRDA:30,1,1,12
BRDA:43,2,0,7
BRDA:43,2,1,3
BRF:6
BRH:5
end_of_record
TN:
SF:/Users/sergeichip/user/projects/glace/glace-utils/lib/logger.js
FN:30,(anonymous_0)
FN:47,(anonymous_1)
FN:63,(anonymous_2)
FN:72,(anonymous_3)
FNF:4
FNH:0
FNDA:0,(anonymous_0)
FNDA:0,(anonymous_1)
FNDA:0,(anonymous_2)
FNDA:0,(anonymous_3)
DA:9,1
DA:10,1
DA:12,1
DA:13,1
DA:15,1
DA:17,1
DA:20,1
DA:21,1
DA:26,0
DA:31,0
DA:35,0
DA:38,0
DA:39,0
DA:47,0
DA:49,0
DA:50,0
DA:51,0
DA:53,0
DA:54,0
DA:55,0
DA:63,0
DA:64,0
DA:65,0
DA:72,0
DA:73,0
DA:74,0
DA:75,0
DA:76,0
DA:80,1
LF:29
LH:9
BRDA:20,0,0,1
BRDA:20,0,1,0
BRDA:27,1,0,0
BRDA:27,1,1,0
BRDA:36,2,0,0
BRDA:36,2,1,0
BRDA:38,3,0,0
BRDA:38,3,1,0
BRDA:50,4,0,0
BRDA:50,4,1,0
BRDA:53,5,0,0
BRDA:53,5,1,0
BRDA:64,6,0,0
BRDA:64,6,1,0
BRDA:74,7,0,0
BRDA:74,7,1,0
BRF:16
BRH:1
end_of_record
TN:
SF:/Users/sergeichip/user/projects/glace/glace-utils/lib/pool.js
FN:20,(anonymous_0)
FN:33,(anonymous_1)
FN:36,(anonymous_2)
FN:39,(anonymous_3)
FN:40,(anonymous_4)
FN:46,(anonymous_5)
FN:61,(anonymous_6)
FNF:7
FNH:0
FNDA:0,(anonymous_0)
FNDA:0,(anonymous_1)
FNDA:0,(anonymous_2)
FNDA:0,(anonymous_3)
FNDA:0,(anonymous_4)
FNDA:0,(anonymous_5)
FNDA:0,(anonymous_6)
DA:11,1
DA:13,1
DA:20,1
DA:21,0
DA:22,0
DA:23,0
DA:33,1
DA:34,0
DA:35,0
DA:37,0
DA:38,0
DA:39,0
DA:41,0
DA:42,0
DA:46,1
DA:47,0
DA:48,0
DA:49,0
DA:50,0
DA:61,1
DA:63,0
DA:64,0
DA:65,0
DA:68,0
DA:69,0
DA:70,0
DA:71,0
DA:73,0
DA:76,1
LF:29
LH:7
BRDA:21,0,0,0
BRDA:21,0,1,0
BRDA:47,1,0,0
BRDA:47,1,1,0
BRDA:63,2,0,0
BRDA:63,2,1,0
BRDA:70,3,0,0
BRDA:70,3,1,0
BRDA:71,4,0,0
BRDA:71,4,1,0
BRF:10
BRH:0
end_of_record
